2024-06-10T11:19:24.353Z [INFO] - Server is running on port 3000
2024-06-10T11:31:24.673Z [INFO] - Server is running on port 3000
2024-06-10T11:33:20.612Z [INFO] - Server is running on port 3000
2024-06-10T11:38:09.071Z [INFO] - Server is running on port 3000
2024-06-10T11:38:09.872Z [INFO] - Server is running on port 3000
2024-06-10T11:38:12.918Z [INFO] - Server is running on port 3000
2024-06-10T11:38:17.548Z [INFO] - Server is running on port 3000
2024-06-10T11:38:18.675Z [INFO] - Server is running on port 3000
2024-06-10T11:38:26.226Z [INFO] - Server is running on port 3000
2024-06-10T11:38:37.033Z [INFO] - Server is running on port 3000
2024-06-10T11:38:38.277Z [INFO] - Server is running on port 3000
2024-06-10T11:38:40.448Z [INFO] - Server is running on port 3000
2024-06-10T11:56:39.627Z [INFO] - Server is running on port 3000
2024-06-10T11:56:39.978Z [INFO] - MongoDB connected successfully.
2024-06-10T11:57:37.673Z [INFO] - Server is running on port 3000
2024-06-10T11:57:37.953Z [INFO] - MongoDB connected successfully.
2024-06-10T11:57:45.770Z [INFO] - Server is running on port 3000
2024-06-10T11:57:47.116Z [INFO] - MongoDB connected successfully.
2024-06-10T11:57:56.097Z [INFO] - Server is running on port 3000
2024-06-10T11:57:56.404Z [INFO] - MongoDB connected successfully.
2024-06-10T11:58:38.120Z [INFO] - Server is running on port 3000
2024-06-10T11:58:38.435Z [INFO] - MongoDB connected successfully.
2024-06-10T11:58:58.323Z [INFO] - Server is running on port 3000
2024-06-10T11:58:58.630Z [INFO] - MongoDB connected successfully.
2024-06-10T12:06:39.010Z [INFO] - Server is running on port 3000
2024-06-10T12:06:39.560Z [INFO] - MongoDB connected successfully.
2024-06-10T12:14:01.044Z [INFO] - Server is running on port 3000
2024-06-10T12:14:01.622Z [INFO] - MongoDB connected successfully.
2024-06-10T12:14:09.003Z [INFO] - Server is running on port 3000
2024-06-10T12:14:09.306Z [INFO] - MongoDB connected successfully.
2024-06-10T12:14:10.922Z [INFO] - Server is running on port 3000
2024-06-10T12:14:11.198Z [INFO] - MongoDB connected successfully.
2024-06-10T12:14:14.546Z [INFO] - Server is running on port 3000
2024-06-10T12:14:14.823Z [INFO] - MongoDB connected successfully.
2024-06-10T12:14:18.795Z [INFO] - Server is running on port 3000
2024-06-10T12:14:19.079Z [INFO] - MongoDB connected successfully.
2024-06-10T12:15:12.406Z [INFO] - Server is running on port 3000
2024-06-10T12:15:12.714Z [INFO] - MongoDB connected successfully.
2024-06-10T12:15:20.290Z [INFO] - Server is running on port 3000
2024-06-10T12:15:20.566Z [INFO] - MongoDB connected successfully.
2024-06-10T12:17:33.188Z [INFO] - Server is running on port 3000
2024-06-10T12:17:33.507Z [INFO] - MongoDB connected successfully.
2024-06-10T12:17:42.688Z [INFO] - Server is running on port 3000
2024-06-10T12:17:43.038Z [INFO] - MongoDB connected successfully.
2024-06-10T12:18:17.785Z [INFO] - Server is running on port 3000
2024-06-10T12:18:18.071Z [INFO] - MongoDB connected successfully.
2024-06-10T12:18:19.023Z [INFO] - Server is running on port 3000
2024-06-10T12:18:19.306Z [INFO] - MongoDB connected successfully.
2024-06-10T12:18:20.765Z [INFO] - Server is running on port 3000
2024-06-10T12:18:21.077Z [INFO] - MongoDB connected successfully.
2024-06-10T12:18:21.766Z [INFO] - Running scheduled task
2024-06-10T12:18:22.769Z [INFO] - Running scheduled task
2024-06-10T12:18:23.771Z [INFO] - Running scheduled task
2024-06-10T12:18:24.772Z [INFO] - Running scheduled task
2024-06-10T12:18:25.774Z [INFO] - Running scheduled task
2024-06-10T12:18:26.775Z [INFO] - Running scheduled task
2024-06-10T12:18:27.776Z [INFO] - Running scheduled task
2024-06-10T12:18:28.777Z [INFO] - Running scheduled task
2024-06-10T12:18:29.779Z [INFO] - Running scheduled task
2024-06-10T12:18:30.780Z [INFO] - Running scheduled task
2024-06-10T12:18:31.784Z [INFO] - Running scheduled task
2024-06-10T12:20:51.066Z [INFO] - Server is running on port 3000
2024-06-10T12:20:51.411Z [INFO] - MongoDB connected successfully.
2024-06-10T12:20:52.065Z [INFO] - Running scheduled task
2024-06-10T12:20:52.071Z [INFO] - Read data from file: C:\Users\Tusha\Desktop\tushar_kalyansingh_bisht_ft31_168\unit-6\sprint-4\evaluation\datamnager\src\data.json
2024-06-10T12:20:52.072Z [INFO] - Parsed data successfully from file: C:\Users\Tusha\Desktop\tushar_kalyansingh_bisht_ft31_168\unit-6\sprint-4\evaluation\datamnager\src\data.json
2024-06-10T12:20:53.077Z [INFO] - Running scheduled task
2024-06-10T12:20:53.078Z [INFO] - Read data from file: C:\Users\Tusha\Desktop\tushar_kalyansingh_bisht_ft31_168\unit-6\sprint-4\evaluation\datamnager\src\data.json
2024-06-10T12:20:53.078Z [INFO] - Parsed data successfully from file: C:\Users\Tusha\Desktop\tushar_kalyansingh_bisht_ft31_168\unit-6\sprint-4\evaluation\datamnager\src\data.json
2024-06-10T12:20:54.079Z [INFO] - Running scheduled task
2024-06-10T12:20:54.080Z [INFO] - Read data from file: C:\Users\Tusha\Desktop\tushar_kalyansingh_bisht_ft31_168\unit-6\sprint-4\evaluation\datamnager\src\data.json
2024-06-10T12:20:54.081Z [INFO] - Parsed data successfully from file: C:\Users\Tusha\Desktop\tushar_kalyansingh_bisht_ft31_168\unit-6\sprint-4\evaluation\datamnager\src\data.json
2024-06-10T12:20:55.082Z [INFO] - Running scheduled task
2024-06-10T12:20:55.083Z [INFO] - Read data from file: C:\Users\Tusha\Desktop\tushar_kalyansingh_bisht_ft31_168\unit-6\sprint-4\evaluation\datamnager\src\data.json
2024-06-10T12:20:55.084Z [INFO] - Parsed data successfully from file: C:\Users\Tusha\Desktop\tushar_kalyansingh_bisht_ft31_168\unit-6\sprint-4\evaluation\datamnager\src\data.json
2024-06-10T12:20:56.087Z [INFO] - Running scheduled task
2024-06-10T12:20:56.091Z [INFO] - Read data from file: C:\Users\Tusha\Desktop\tushar_kalyansingh_bisht_ft31_168\unit-6\sprint-4\evaluation\datamnager\src\data.json
2024-06-10T12:20:56.093Z [INFO] - Parsed data successfully from file: C:\Users\Tusha\Desktop\tushar_kalyansingh_bisht_ft31_168\unit-6\sprint-4\evaluation\datamnager\src\data.json
2024-06-10T12:20:57.093Z [INFO] - Running scheduled task
2024-06-10T12:20:57.096Z [INFO] - Read data from file: C:\Users\Tusha\Desktop\tushar_kalyansingh_bisht_ft31_168\unit-6\sprint-4\evaluation\datamnager\src\data.json
2024-06-10T12:20:57.097Z [INFO] - Parsed data successfully from file: C:\Users\Tusha\Desktop\tushar_kalyansingh_bisht_ft31_168\unit-6\sprint-4\evaluation\datamnager\src\data.json
2024-06-10T12:20:58.099Z [INFO] - Running scheduled task
2024-06-10T12:20:58.100Z [INFO] - Read data from file: C:\Users\Tusha\Desktop\tushar_kalyansingh_bisht_ft31_168\unit-6\sprint-4\evaluation\datamnager\src\data.json
2024-06-10T12:20:58.100Z [INFO] - Parsed data successfully from file: C:\Users\Tusha\Desktop\tushar_kalyansingh_bisht_ft31_168\unit-6\sprint-4\evaluation\datamnager\src\data.json
2024-06-10T12:20:59.103Z [INFO] - Running scheduled task
2024-06-10T12:20:59.105Z [INFO] - Read data from file: C:\Users\Tusha\Desktop\tushar_kalyansingh_bisht_ft31_168\unit-6\sprint-4\evaluation\datamnager\src\data.json
2024-06-10T12:20:59.106Z [INFO] - Parsed data successfully from file: C:\Users\Tusha\Desktop\tushar_kalyansingh_bisht_ft31_168\unit-6\sprint-4\evaluation\datamnager\src\data.json
2024-06-10T12:21:00.107Z [INFO] - Running scheduled task
2024-06-10T12:21:00.108Z [INFO] - Read data from file: C:\Users\Tusha\Desktop\tushar_kalyansingh_bisht_ft31_168\unit-6\sprint-4\evaluation\datamnager\src\data.json
2024-06-10T12:21:00.109Z [INFO] - Parsed data successfully from file: C:\Users\Tusha\Desktop\tushar_kalyansingh_bisht_ft31_168\unit-6\sprint-4\evaluation\datamnager\src\data.json
2024-06-10T12:21:01.111Z [INFO] - Running scheduled task
2024-06-10T12:21:01.112Z [INFO] - Read data from file: C:\Users\Tusha\Desktop\tushar_kalyansingh_bisht_ft31_168\unit-6\sprint-4\evaluation\datamnager\src\data.json
2024-06-10T12:21:01.113Z [INFO] - Parsed data successfully from file: C:\Users\Tusha\Desktop\tushar_kalyansingh_bisht_ft31_168\unit-6\sprint-4\evaluation\datamnager\src\data.json
2024-06-10T12:21:02.114Z [INFO] - Running scheduled task
2024-06-10T12:21:02.115Z [INFO] - Read data from file: C:\Users\Tusha\Desktop\tushar_kalyansingh_bisht_ft31_168\unit-6\sprint-4\evaluation\datamnager\src\data.json
2024-06-10T12:21:02.115Z [INFO] - Parsed data successfully from file: C:\Users\Tusha\Desktop\tushar_kalyansingh_bisht_ft31_168\unit-6\sprint-4\evaluation\datamnager\src\data.json
2024-06-10T12:21:03.116Z [INFO] - Running scheduled task
2024-06-10T12:21:03.118Z [INFO] - Read data from file: C:\Users\Tusha\Desktop\tushar_kalyansingh_bisht_ft31_168\unit-6\sprint-4\evaluation\datamnager\src\data.json
2024-06-10T12:21:03.119Z [INFO] - Parsed data successfully from file: C:\Users\Tusha\Desktop\tushar_kalyansingh_bisht_ft31_168\unit-6\sprint-4\evaluation\datamnager\src\data.json
2024-06-10T12:21:04.120Z [INFO] - Running scheduled task
2024-06-10T12:21:04.121Z [INFO] - Read data from file: C:\Users\Tusha\Desktop\tushar_kalyansingh_bisht_ft31_168\unit-6\sprint-4\evaluation\datamnager\src\data.json
2024-06-10T12:21:04.124Z [INFO] - Parsed data successfully from file: C:\Users\Tusha\Desktop\tushar_kalyansingh_bisht_ft31_168\unit-6\sprint-4\evaluation\datamnager\src\data.json
2024-06-10T12:21:05.126Z [INFO] - Running scheduled task
2024-06-10T12:21:05.129Z [INFO] - Read data from file: C:\Users\Tusha\Desktop\tushar_kalyansingh_bisht_ft31_168\unit-6\sprint-4\evaluation\datamnager\src\data.json
2024-06-10T12:21:05.130Z [INFO] - Parsed data successfully from file: C:\Users\Tusha\Desktop\tushar_kalyansingh_bisht_ft31_168\unit-6\sprint-4\evaluation\datamnager\src\data.json
2024-06-10T12:21:06.132Z [INFO] - Running scheduled task
2024-06-10T12:21:06.133Z [INFO] - Read data from file: C:\Users\Tusha\Desktop\tushar_kalyansingh_bisht_ft31_168\unit-6\sprint-4\evaluation\datamnager\src\data.json
2024-06-10T12:21:06.134Z [INFO] - Parsed data successfully from file: C:\Users\Tusha\Desktop\tushar_kalyansingh_bisht_ft31_168\unit-6\sprint-4\evaluation\datamnager\src\data.json
2024-06-10T12:21:07.135Z [INFO] - Running scheduled task
2024-06-10T12:21:07.141Z [INFO] - Read data from file: C:\Users\Tusha\Desktop\tushar_kalyansingh_bisht_ft31_168\unit-6\sprint-4\evaluation\datamnager\src\data.json
2024-06-10T12:21:07.144Z [INFO] - Parsed data successfully from file: C:\Users\Tusha\Desktop\tushar_kalyansingh_bisht_ft31_168\unit-6\sprint-4\evaluation\datamnager\src\data.json
2024-06-10T12:21:08.145Z [INFO] - Running scheduled task
2024-06-10T12:21:08.146Z [INFO] - Read data from file: C:\Users\Tusha\Desktop\tushar_kalyansingh_bisht_ft31_168\unit-6\sprint-4\evaluation\datamnager\src\data.json
2024-06-10T12:21:08.147Z [INFO] - Parsed data successfully from file: C:\Users\Tusha\Desktop\tushar_kalyansingh_bisht_ft31_168\unit-6\sprint-4\evaluation\datamnager\src\data.json
2024-06-10T12:21:09.149Z [INFO] - Running scheduled task
2024-06-10T12:21:09.150Z [INFO] - Read data from file: C:\Users\Tusha\Desktop\tushar_kalyansingh_bisht_ft31_168\unit-6\sprint-4\evaluation\datamnager\src\data.json
2024-06-10T12:21:09.151Z [INFO] - Parsed data successfully from file: C:\Users\Tusha\Desktop\tushar_kalyansingh_bisht_ft31_168\unit-6\sprint-4\evaluation\datamnager\src\data.json
2024-06-10T12:21:10.154Z [INFO] - Running scheduled task
2024-06-10T12:21:10.155Z [INFO] - Read data from file: C:\Users\Tusha\Desktop\tushar_kalyansingh_bisht_ft31_168\unit-6\sprint-4\evaluation\datamnager\src\data.json
2024-06-10T12:21:10.156Z [INFO] - Parsed data successfully from file: C:\Users\Tusha\Desktop\tushar_kalyansingh_bisht_ft31_168\unit-6\sprint-4\evaluation\datamnager\src\data.json
2024-06-10T12:21:11.160Z [INFO] - Running scheduled task
2024-06-10T12:21:11.161Z [INFO] - Read data from file: C:\Users\Tusha\Desktop\tushar_kalyansingh_bisht_ft31_168\unit-6\sprint-4\evaluation\datamnager\src\data.json
2024-06-10T12:21:11.161Z [INFO] - Parsed data successfully from file: C:\Users\Tusha\Desktop\tushar_kalyansingh_bisht_ft31_168\unit-6\sprint-4\evaluation\datamnager\src\data.json
2024-06-10T12:21:12.163Z [INFO] - Running scheduled task
2024-06-10T12:21:12.165Z [INFO] - Read data from file: C:\Users\Tusha\Desktop\tushar_kalyansingh_bisht_ft31_168\unit-6\sprint-4\evaluation\datamnager\src\data.json
2024-06-10T12:21:12.166Z [INFO] - Parsed data successfully from file: C:\Users\Tusha\Desktop\tushar_kalyansingh_bisht_ft31_168\unit-6\sprint-4\evaluation\datamnager\src\data.json
2024-06-10T12:23:31.257Z [INFO] - Server is running on port 3000
2024-06-10T12:23:31.788Z [INFO] - MongoDB connected successfully.
2024-06-10T12:23:32.256Z [INFO] - Running scheduled task
2024-06-10T12:23:32.257Z [INFO] - Read data from file: C:\Users\Tusha\Desktop\tushar_kalyansingh_bisht_ft31_168\unit-6\sprint-4\evaluation\datamnager\src\data.json
2024-06-10T12:23:32.258Z [INFO] - Parsed data successfully from file: C:\Users\Tusha\Desktop\tushar_kalyansingh_bisht_ft31_168\unit-6\sprint-4\evaluation\datamnager\src\data.json
2024-06-10T12:23:33.258Z [INFO] - Running scheduled task
2024-06-10T12:23:33.259Z [INFO] - Read data from file: C:\Users\Tusha\Desktop\tushar_kalyansingh_bisht_ft31_168\unit-6\sprint-4\evaluation\datamnager\src\data.json
2024-06-10T12:23:33.260Z [INFO] - Parsed data successfully from file: C:\Users\Tusha\Desktop\tushar_kalyansingh_bisht_ft31_168\unit-6\sprint-4\evaluation\datamnager\src\data.json
2024-06-10T12:23:34.263Z [INFO] - Running scheduled task
2024-06-10T12:23:34.263Z [INFO] - Read data from file: C:\Users\Tusha\Desktop\tushar_kalyansingh_bisht_ft31_168\unit-6\sprint-4\evaluation\datamnager\src\data.json
2024-06-10T12:23:34.264Z [INFO] - Parsed data successfully from file: C:\Users\Tusha\Desktop\tushar_kalyansingh_bisht_ft31_168\unit-6\sprint-4\evaluation\datamnager\src\data.json
2024-06-10T12:23:35.264Z [INFO] - Running scheduled task
2024-06-10T12:23:35.265Z [INFO] - Read data from file: C:\Users\Tusha\Desktop\tushar_kalyansingh_bisht_ft31_168\unit-6\sprint-4\evaluation\datamnager\src\data.json
2024-06-10T12:23:35.266Z [INFO] - Parsed data successfully from file: C:\Users\Tusha\Desktop\tushar_kalyansingh_bisht_ft31_168\unit-6\sprint-4\evaluation\datamnager\src\data.json
2024-06-10T12:23:36.269Z [INFO] - Running scheduled task
2024-06-10T12:23:36.270Z [INFO] - Read data from file: C:\Users\Tusha\Desktop\tushar_kalyansingh_bisht_ft31_168\unit-6\sprint-4\evaluation\datamnager\src\data.json
2024-06-10T12:23:36.271Z [INFO] - Parsed data successfully from file: C:\Users\Tusha\Desktop\tushar_kalyansingh_bisht_ft31_168\unit-6\sprint-4\evaluation\datamnager\src\data.json
2024-06-10T12:24:43.942Z [INFO] - Server is running on port 3000
2024-06-10T12:24:44.255Z [INFO] - MongoDB connected successfully.
2024-06-10T12:24:44.942Z [INFO] - Running scheduled task
2024-06-10T12:24:44.943Z [INFO] - Read data from file: C:\Users\Tusha\Desktop\tushar_kalyansingh_bisht_ft31_168\unit-6\sprint-4\evaluation\datamnager\src\data.json
2024-06-10T12:24:44.943Z [INFO] - Parsed data successfully from file: C:\Users\Tusha\Desktop\tushar_kalyansingh_bisht_ft31_168\unit-6\sprint-4\evaluation\datamnager\src\data.json
2024-06-10T12:24:44.944Z [INFO] - Processing chunk: 1 / 2
2024-06-10T12:24:45.234Z [INFO] - Processing chunk: 2 / 2
2024-06-10T12:24:45.948Z [INFO] - Running scheduled task
2024-06-10T12:24:45.949Z [INFO] - Read data from file: C:\Users\Tusha\Desktop\tushar_kalyansingh_bisht_ft31_168\unit-6\sprint-4\evaluation\datamnager\src\data.json
2024-06-10T12:24:45.949Z [INFO] - Parsed data successfully from file: C:\Users\Tusha\Desktop\tushar_kalyansingh_bisht_ft31_168\unit-6\sprint-4\evaluation\datamnager\src\data.json
2024-06-10T12:24:45.950Z [INFO] - Processing chunk: 1 / 2
2024-06-10T12:24:46.114Z [INFO] - Processing chunk: 2 / 2
2024-06-10T12:24:46.950Z [INFO] - Running scheduled task
2024-06-10T12:24:46.951Z [INFO] - Read data from file: C:\Users\Tusha\Desktop\tushar_kalyansingh_bisht_ft31_168\unit-6\sprint-4\evaluation\datamnager\src\data.json
2024-06-10T12:24:46.953Z [INFO] - Parsed data successfully from file: C:\Users\Tusha\Desktop\tushar_kalyansingh_bisht_ft31_168\unit-6\sprint-4\evaluation\datamnager\src\data.json
2024-06-10T12:24:46.954Z [INFO] - Processing chunk: 1 / 2
2024-06-10T12:24:47.142Z [INFO] - Processing chunk: 2 / 2
2024-06-10T12:24:47.957Z [INFO] - Running scheduled task
2024-06-10T12:24:47.958Z [INFO] - Read data from file: C:\Users\Tusha\Desktop\tushar_kalyansingh_bisht_ft31_168\unit-6\sprint-4\evaluation\datamnager\src\data.json
2024-06-10T12:24:47.958Z [INFO] - Parsed data successfully from file: C:\Users\Tusha\Desktop\tushar_kalyansingh_bisht_ft31_168\unit-6\sprint-4\evaluation\datamnager\src\data.json
2024-06-10T12:24:47.959Z [INFO] - Processing chunk: 1 / 2
2024-06-10T12:24:48.121Z [INFO] - Processing chunk: 2 / 2
2024-06-10T12:24:48.961Z [INFO] - Running scheduled task
2024-06-10T12:24:48.962Z [INFO] - Read data from file: C:\Users\Tusha\Desktop\tushar_kalyansingh_bisht_ft31_168\unit-6\sprint-4\evaluation\datamnager\src\data.json
2024-06-10T12:24:48.962Z [INFO] - Parsed data successfully from file: C:\Users\Tusha\Desktop\tushar_kalyansingh_bisht_ft31_168\unit-6\sprint-4\evaluation\datamnager\src\data.json
2024-06-10T12:24:48.963Z [INFO] - Processing chunk: 1 / 2
2024-06-10T12:24:49.024Z [INFO] - Processing chunk: 2 / 2
2024-06-10T12:42:28.449Z [INFO] - Server is running on port 3000
2024-06-10T12:42:28.787Z [INFO] - MongoDB connected successfully.
2024-06-10T12:42:29.447Z [INFO] - Running scheduled task
2024-06-10T12:42:29.450Z [INFO] - Read data from file: C:\Users\Tusha\Desktop\datamanager\Datauploader\src\data.json
2024-06-10T12:42:29.452Z [INFO] - Parsed data successfully from file: C:\Users\Tusha\Desktop\datamanager\Datauploader\src\data.json
2024-06-10T12:42:29.454Z [INFO] - Processing chunk: 1 / 2
2024-06-10T12:42:29.843Z [INFO] - Processing chunk: 2 / 2
2024-06-10T12:42:30.457Z [INFO] - Running scheduled task
2024-06-10T12:42:30.458Z [INFO] - Read data from file: C:\Users\Tusha\Desktop\datamanager\Datauploader\src\data.json
2024-06-10T12:42:30.458Z [INFO] - Parsed data successfully from file: C:\Users\Tusha\Desktop\datamanager\Datauploader\src\data.json
2024-06-10T12:42:30.459Z [INFO] - Processing chunk: 1 / 2
2024-06-10T12:42:30.638Z [INFO] - Processing chunk: 2 / 2
2024-06-10T12:42:31.460Z [INFO] - Running scheduled task
2024-06-10T12:42:31.462Z [INFO] - Read data from file: C:\Users\Tusha\Desktop\datamanager\Datauploader\src\data.json
2024-06-10T12:42:31.462Z [INFO] - Parsed data successfully from file: C:\Users\Tusha\Desktop\datamanager\Datauploader\src\data.json
2024-06-10T12:42:31.463Z [INFO] - Processing chunk: 1 / 2
2024-06-10T12:42:32.465Z [INFO] - Running scheduled task
2024-06-10T12:42:32.467Z [INFO] - Read data from file: C:\Users\Tusha\Desktop\datamanager\Datauploader\src\data.json
2024-06-10T12:42:32.469Z [INFO] - Parsed data successfully from file: C:\Users\Tusha\Desktop\datamanager\Datauploader\src\data.json
2024-06-10T12:42:32.470Z [INFO] - Processing chunk: 1 / 2
2024-06-10T12:42:32.649Z [INFO] - Processing chunk: 2 / 2
2024-06-10T12:42:32.854Z [INFO] - Processing chunk: 2 / 2
