2024-06-10T12:24:45.108Z [SUCCESS] - New entry added: {"id":6,"name":"Frank","score":75,"age":40,"city":"San Francisco","gender":"Male"}
2024-06-10T12:24:45.109Z [SUCCESS] - New entry added: {"id":5,"name":"Eva","score":88,"age":27,"city":"Miami","gender":"Female"}
2024-06-10T12:24:45.111Z [SUCCESS] - New entry added: {"id":7,"name":"Grace","score":95,"age":22,"city":"Seattle","gender":"Female"}
2024-06-10T12:24:45.127Z [SUCCESS] - New entry added: {"id":8,"name":"Hank","score":80,"age":32,"city":"Boston","gender":"Male"}
2024-06-10T12:24:45.129Z [SUCCESS] - New entry added: {"id":9,"name":"Ivy","score":85,"age":29,"city":"Atlanta","gender":"Female"}
2024-06-10T12:24:45.133Z [SUCCESS] - New entry added: {"id":10,"name":"Jack","score":78,"age":26,"city":"Denver","gender":"Male"}
2024-06-10T12:24:45.167Z [SUCCESS] - New entry added: {"id":2,"name":"Bob","score":90,"age":30,"city":"Los Angeles","gender":"Male"}
2024-06-10T12:24:45.169Z [SUCCESS] - New entry added: {"id":3,"name":"Charlie","score":78,"age":28,"city":"Chicago","gender":"Male"}
2024-06-10T12:24:45.232Z [SUCCESS] - New entry added: {"id":1,"name":"Alice","score":85,"age":25,"city":"New York","gender":"Female"}
2024-06-10T12:24:45.234Z [SUCCESS] - New entry added: {"id":4,"name":"David","score":92,"age":35,"city":"Houston","gender":"Male"}
2024-06-10T12:24:45.271Z [SUCCESS] - New entry added: {"id":11,"name":"Kathy","score":88,"age":33,"city":"Phoenix","gender":"Female"}
2024-06-10T12:24:45.998Z [SUCCESS] - Existing entry updated: {"id":1,"name":"Alice","score":85,"age":25,"city":"New York","gender":"Female"}
2024-06-10T12:24:46.008Z [SUCCESS] - Existing entry updated: {"id":4,"name":"David","score":92,"age":35,"city":"Houston","gender":"Male"}
2024-06-10T12:24:46.030Z [SUCCESS] - Existing entry updated: {"id":9,"name":"Ivy","score":85,"age":29,"city":"Atlanta","gender":"Female"}
2024-06-10T12:24:46.034Z [SUCCESS] - Existing entry updated: {"id":3,"name":"Charlie","score":78,"age":28,"city":"Chicago","gender":"Male"}
2024-06-10T12:24:46.035Z [SUCCESS] - Existing entry updated: {"id":2,"name":"Bob","score":90,"age":30,"city":"Los Angeles","gender":"Male"}
2024-06-10T12:24:46.036Z [SUCCESS] - Existing entry updated: {"id":5,"name":"Eva","score":88,"age":27,"city":"Miami","gender":"Female"}
2024-06-10T12:24:46.037Z [SUCCESS] - Existing entry updated: {"id":8,"name":"Hank","score":80,"age":32,"city":"Boston","gender":"Male"}
2024-06-10T12:24:46.046Z [SUCCESS] - Existing entry updated: {"id":10,"name":"Jack","score":78,"age":26,"city":"Denver","gender":"Male"}
2024-06-10T12:24:46.111Z [SUCCESS] - Existing entry updated: {"id":6,"name":"Frank","score":75,"age":40,"city":"San Francisco","gender":"Male"}
2024-06-10T12:24:46.114Z [SUCCESS] - Existing entry updated: {"id":7,"name":"Grace","score":95,"age":22,"city":"Seattle","gender":"Female"}
2024-06-10T12:24:46.150Z [SUCCESS] - Existing entry updated: {"id":11,"name":"Kathy","score":88,"age":33,"city":"Phoenix","gender":"Female"}
2024-06-10T12:24:46.993Z [SUCCESS] - Existing entry updated: {"id":2,"name":"Bob","score":90,"age":30,"city":"Los Angeles","gender":"Male"}
2024-06-10T12:24:46.995Z [SUCCESS] - Existing entry updated: {"id":7,"name":"Grace","score":95,"age":22,"city":"Seattle","gender":"Female"}
2024-06-10T12:24:46.999Z [SUCCESS] - Existing entry updated: {"id":1,"name":"Alice","score":85,"age":25,"city":"New York","gender":"Female"}
2024-06-10T12:24:47.001Z [SUCCESS] - Existing entry updated: {"id":3,"name":"Charlie","score":78,"age":28,"city":"Chicago","gender":"Male"}
2024-06-10T12:24:47.002Z [SUCCESS] - Existing entry updated: {"id":4,"name":"David","score":92,"age":35,"city":"Houston","gender":"Male"}
2024-06-10T12:24:47.004Z [SUCCESS] - Existing entry updated: {"id":5,"name":"Eva","score":88,"age":27,"city":"Miami","gender":"Female"}
2024-06-10T12:24:47.005Z [SUCCESS] - Existing entry updated: {"id":6,"name":"Frank","score":75,"age":40,"city":"San Francisco","gender":"Male"}
2024-06-10T12:24:47.009Z [SUCCESS] - Existing entry updated: {"id":10,"name":"Jack","score":78,"age":26,"city":"Denver","gender":"Male"}
2024-06-10T12:24:47.107Z [SUCCESS] - Existing entry updated: {"id":8,"name":"Hank","score":80,"age":32,"city":"Boston","gender":"Male"}
2024-06-10T12:24:47.140Z [SUCCESS] - Existing entry updated: {"id":9,"name":"Ivy","score":85,"age":29,"city":"Atlanta","gender":"Female"}
2024-06-10T12:24:47.180Z [SUCCESS] - Existing entry updated: {"id":11,"name":"Kathy","score":88,"age":33,"city":"Phoenix","gender":"Female"}
2024-06-10T12:24:47.994Z [SUCCESS] - Existing entry updated: {"id":4,"name":"David","score":92,"age":35,"city":"Houston","gender":"Male"}
2024-06-10T12:24:47.997Z [SUCCESS] - Existing entry updated: {"id":3,"name":"Charlie","score":78,"age":28,"city":"Chicago","gender":"Male"}
2024-06-10T12:24:47.998Z [SUCCESS] - Existing entry updated: {"id":2,"name":"Bob","score":90,"age":30,"city":"Los Angeles","gender":"Male"}
2024-06-10T12:24:48.029Z [SUCCESS] - Existing entry updated: {"id":5,"name":"Eva","score":88,"age":27,"city":"Miami","gender":"Female"}
2024-06-10T12:24:48.030Z [SUCCESS] - Existing entry updated: {"id":6,"name":"Frank","score":75,"age":40,"city":"San Francisco","gender":"Male"}
2024-06-10T12:24:48.031Z [SUCCESS] - Existing entry updated: {"id":1,"name":"Alice","score":85,"age":25,"city":"New York","gender":"Female"}
2024-06-10T12:24:48.032Z [SUCCESS] - Existing entry updated: {"id":7,"name":"Grace","score":95,"age":22,"city":"Seattle","gender":"Female"}
2024-06-10T12:24:48.033Z [SUCCESS] - Existing entry updated: {"id":8,"name":"Hank","score":80,"age":32,"city":"Boston","gender":"Male"}
2024-06-10T12:24:48.034Z [SUCCESS] - Existing entry updated: {"id":9,"name":"Ivy","score":85,"age":29,"city":"Atlanta","gender":"Female"}
2024-06-10T12:24:48.120Z [SUCCESS] - Existing entry updated: {"id":10,"name":"Jack","score":78,"age":26,"city":"Denver","gender":"Male"}
2024-06-10T12:24:48.161Z [SUCCESS] - Existing entry updated: {"id":11,"name":"Kathy","score":88,"age":33,"city":"Phoenix","gender":"Female"}
2024-06-10T12:24:48.999Z [SUCCESS] - Existing entry updated: {"id":3,"name":"Charlie","score":78,"age":28,"city":"Chicago","gender":"Male"}
2024-06-10T12:24:49.000Z [SUCCESS] - Existing entry updated: {"id":4,"name":"David","score":92,"age":35,"city":"Houston","gender":"Male"}
2024-06-10T12:24:49.001Z [SUCCESS] - Existing entry updated: {"id":1,"name":"Alice","score":85,"age":25,"city":"New York","gender":"Female"}
2024-06-10T12:24:49.003Z [SUCCESS] - Existing entry updated: {"id":2,"name":"Bob","score":90,"age":30,"city":"Los Angeles","gender":"Male"}
2024-06-10T12:24:49.005Z [SUCCESS] - Existing entry updated: {"id":5,"name":"Eva","score":88,"age":27,"city":"Miami","gender":"Female"}
2024-06-10T12:24:49.009Z [SUCCESS] - Existing entry updated: {"id":8,"name":"Hank","score":80,"age":32,"city":"Boston","gender":"Male"}
2024-06-10T12:24:49.011Z [SUCCESS] - Existing entry updated: {"id":9,"name":"Ivy","score":85,"age":29,"city":"Atlanta","gender":"Female"}
2024-06-10T12:24:49.014Z [SUCCESS] - Existing entry updated: {"id":10,"name":"Jack","score":78,"age":26,"city":"Denver","gender":"Male"}
2024-06-10T12:24:49.018Z [SUCCESS] - Existing entry updated: {"id":7,"name":"Grace","score":95,"age":22,"city":"Seattle","gender":"Female"}
2024-06-10T12:24:49.022Z [SUCCESS] - Existing entry updated: {"id":6,"name":"Frank","score":75,"age":40,"city":"San Francisco","gender":"Male"}
2024-06-10T12:24:49.063Z [SUCCESS] - Existing entry updated: {"id":11,"name":"Kathy","score":88,"age":33,"city":"Phoenix","gender":"Female"}
2024-06-10T12:42:29.611Z [SUCCESS] - Existing entry updated: {"id":4,"name":"David","score":92,"age":35,"city":"Houston","gender":"Male"}
2024-06-10T12:42:29.616Z [SUCCESS] - Existing entry updated: {"id":5,"name":"Eva","score":88,"age":27,"city":"Miami","gender":"Female"}
2024-06-10T12:42:29.627Z [SUCCESS] - Existing entry updated: {"id":6,"name":"Frank","score":75,"age":40,"city":"San Francisco","gender":"Male"}
2024-06-10T12:42:29.632Z [SUCCESS] - Existing entry updated: {"id":7,"name":"Grace","score":95,"age":22,"city":"Seattle","gender":"Female"}
2024-06-10T12:42:29.643Z [SUCCESS] - Existing entry updated: {"id":8,"name":"Hank","score":80,"age":32,"city":"Boston","gender":"Male"}
2024-06-10T12:42:29.646Z [SUCCESS] - Existing entry updated: {"id":9,"name":"Ivy","score":85,"age":29,"city":"Atlanta","gender":"Female"}
2024-06-10T12:42:29.661Z [SUCCESS] - Existing entry updated: {"id":10,"name":"Jack","score":78,"age":26,"city":"Denver","gender":"Male"}
2024-06-10T12:42:29.663Z [SUCCESS] - Existing entry updated: {"id":2,"name":"Bob","score":90,"age":30,"city":"Los Angeles","gender":"Male"}
2024-06-10T12:42:29.718Z [SUCCESS] - Existing entry updated: {"id":1,"name":"Alice","score":85,"age":25,"city":"New York","gender":"Female"}
2024-06-10T12:42:29.843Z [SUCCESS] - Existing entry updated: {"id":3,"name":"Charlie","score":78,"age":28,"city":"Chicago","gender":"Male"}
2024-06-10T12:42:29.875Z [SUCCESS] - Existing entry updated: {"id":11,"name":"Kathy","score":88,"age":33,"city":"Phoenix","gender":"Female"}
2024-06-10T12:42:30.511Z [SUCCESS] - Existing entry updated: {"id":1,"name":"Alice","score":85,"age":25,"city":"New York","gender":"Female"}
2024-06-10T12:42:30.513Z [SUCCESS] - Existing entry updated: {"id":3,"name":"Charlie","score":78,"age":28,"city":"Chicago","gender":"Male"}
2024-06-10T12:42:30.516Z [SUCCESS] - Existing entry updated: {"id":2,"name":"Bob","score":90,"age":30,"city":"Los Angeles","gender":"Male"}
2024-06-10T12:42:30.518Z [SUCCESS] - Existing entry updated: {"id":4,"name":"David","score":92,"age":35,"city":"Houston","gender":"Male"}
2024-06-10T12:42:30.526Z [SUCCESS] - Existing entry updated: {"id":7,"name":"Grace","score":95,"age":22,"city":"Seattle","gender":"Female"}
2024-06-10T12:42:30.527Z [SUCCESS] - Existing entry updated: {"id":8,"name":"Hank","score":80,"age":32,"city":"Boston","gender":"Male"}
2024-06-10T12:42:30.531Z [SUCCESS] - Existing entry updated: {"id":9,"name":"Ivy","score":85,"age":29,"city":"Atlanta","gender":"Female"}
2024-06-10T12:42:30.541Z [SUCCESS] - Existing entry updated: {"id":10,"name":"Jack","score":78,"age":26,"city":"Denver","gender":"Male"}
2024-06-10T12:42:30.621Z [SUCCESS] - Existing entry updated: {"id":6,"name":"Frank","score":75,"age":40,"city":"San Francisco","gender":"Male"}
2024-06-10T12:42:30.637Z [SUCCESS] - Existing entry updated: {"id":5,"name":"Eva","score":88,"age":27,"city":"Miami","gender":"Female"}
2024-06-10T12:42:30.673Z [SUCCESS] - Existing entry updated: {"id":11,"name":"Kathy","score":88,"age":33,"city":"Phoenix","gender":"Female"}
2024-06-10T12:42:31.513Z [SUCCESS] - Existing entry updated: {"id":4,"name":"David","score":92,"age":35,"city":"Houston","gender":"Male"}
2024-06-10T12:42:31.518Z [SUCCESS] - Existing entry updated: {"id":3,"name":"Charlie","score":78,"age":28,"city":"Chicago","gender":"Male"}
2024-06-10T12:42:31.522Z [SUCCESS] - Existing entry updated: {"id":1,"name":"Alice","score":85,"age":25,"city":"New York","gender":"Female"}
2024-06-10T12:42:31.531Z [SUCCESS] - Existing entry updated: {"id":6,"name":"Frank","score":75,"age":40,"city":"San Francisco","gender":"Male"}
2024-06-10T12:42:31.534Z [SUCCESS] - Existing entry updated: {"id":5,"name":"Eva","score":88,"age":27,"city":"Miami","gender":"Female"}
2024-06-10T12:42:31.541Z [SUCCESS] - Existing entry updated: {"id":10,"name":"Jack","score":78,"age":26,"city":"Denver","gender":"Male"}
2024-06-10T12:42:31.544Z [SUCCESS] - Existing entry updated: {"id":9,"name":"Ivy","score":85,"age":29,"city":"Atlanta","gender":"Female"}
2024-06-10T12:42:31.727Z [SUCCESS] - Existing entry updated: {"id":2,"name":"Bob","score":90,"age":30,"city":"Los Angeles","gender":"Male"}
2024-06-10T12:42:31.882Z [SUCCESS] - Existing entry updated: {"id":7,"name":"Grace","score":95,"age":22,"city":"Seattle","gender":"Female"}
2024-06-10T12:42:32.518Z [SUCCESS] - Existing entry updated: {"id":7,"name":"Grace","score":95,"age":22,"city":"Seattle","gender":"Female"}
2024-06-10T12:42:32.521Z [SUCCESS] - Existing entry updated: {"id":1,"name":"Alice","score":85,"age":25,"city":"New York","gender":"Female"}
2024-06-10T12:42:32.522Z [SUCCESS] - Existing entry updated: {"id":2,"name":"Bob","score":90,"age":30,"city":"Los Angeles","gender":"Male"}
2024-06-10T12:42:32.523Z [SUCCESS] - Existing entry updated: {"id":3,"name":"Charlie","score":78,"age":28,"city":"Chicago","gender":"Male"}
2024-06-10T12:42:32.531Z [SUCCESS] - Existing entry updated: {"id":6,"name":"Frank","score":75,"age":40,"city":"San Francisco","gender":"Male"}
2024-06-10T12:42:32.539Z [SUCCESS] - Existing entry updated: {"id":4,"name":"David","score":92,"age":35,"city":"Houston","gender":"Male"}
2024-06-10T12:42:32.542Z [SUCCESS] - Existing entry updated: {"id":9,"name":"Ivy","score":85,"age":29,"city":"Atlanta","gender":"Female"}
2024-06-10T12:42:32.543Z [SUCCESS] - Existing entry updated: {"id":10,"name":"Jack","score":78,"age":26,"city":"Denver","gender":"Male"}
2024-06-10T12:42:32.623Z [SUCCESS] - Existing entry updated: {"id":8,"name":"Hank","score":80,"age":32,"city":"Boston","gender":"Male"}
2024-06-10T12:42:32.682Z [SUCCESS] - Existing entry updated: {"id":11,"name":"Kathy","score":88,"age":33,"city":"Phoenix","gender":"Female"}
2024-06-10T12:42:32.736Z [SUCCESS] - Existing entry updated: {"id":5,"name":"Eva","score":88,"age":27,"city":"Miami","gender":"Female"}
2024-06-10T12:42:32.852Z [SUCCESS] - Existing entry updated: {"id":8,"name":"Hank","score":80,"age":32,"city":"Boston","gender":"Male"}
2024-06-10T12:42:32.886Z [SUCCESS] - Existing entry updated: {"id":11,"name":"Kathy","score":88,"age":33,"city":"Phoenix","gender":"Female"}
